<?xml version="1.0" encoding="UTF-8"?>
<!-- Generated by org.testng.reporters.JUnitXMLReporter -->
<testsuite ignored="0" hostname="Yash" failures="0" tests="2" name="Test-Runner-edge" time="7.587" errors="0" timestamp="2025-05-05T12:53:30 IST">
  <testcase classname="inventoryTests.AddProductToCartTest" name="sampleTest" time="0.01"/>
  <testcase classname="inventoryTests.AddProductToCartTest" name="tc_01_AddProductTocartTest" time="1.098"/>
</testsuite> <!-- Test-Runner-edge -->
