<?xml version="1.0" encoding="UTF-8"?>
<!-- Generated by org.testng.reporters.JUnitXMLReporter -->
<testsuite ignored="0" hostname="Yash" failures="0" tests="2" name="Test-Runner-chrome" time="14.573" errors="0" timestamp="2025-05-05T12:23:46 IST">
  <testcase classname="inventoryTests.AddProductToCartTest" name="sampleTest" time="0.008"/>
  <testcase classname="inventoryTests.AddProductToCartTest" name="tc_01_AddProductTocartTest" time="0.0">
    <skipped/>
  </testcase> <!-- tc_01_AddProductTocartTest -->
</testsuite> <!-- Test-Runner-chrome -->
