<?xml version="1.0" encoding="UTF-8"?>
<!-- Generated by org.testng.reporters.JUnitXMLReporter -->
<testsuite ignored="0" hostname="Yash" failures="0" tests="2" name="Test-runner-1" time="9.576" errors="0" timestamp="2025-05-03T12:51:19 IST">
  <testcase classname="inventoryTests.AddProductToCartTest" name="sampleTest" time="0.007"/>
  <testcase classname="inventoryTests.AddProductToCartTest" name="tc_01_AddProductTocartTest" time="0.647"/>
</testsuite> <!-- Test-runner-1 -->
