<?xml version="1.0" encoding="UTF-8"?>
<!-- Generated by org.testng.reporters.JUnitXMLReporter -->
<testsuite ignored="0" hostname="Yash" failures="0" tests="2" name="Test-Runner-firefox" time="32.372" errors="0" timestamp="2025-05-05T12:53:55 IST">
  <testcase classname="inventoryTests.AddProductToCartTest" name="sampleTest" time="0.006"/>
  <testcase classname="inventoryTests.AddProductToCartTest" name="tc_01_AddProductTocartTest" time="0.907"/>
</testsuite> <!-- Test-Runner-firefox -->
