<?xml version="1.0" encoding="UTF-8"?>
<!-- Generated by org.testng.reporters.JUnitReportReporter -->
<testsuite hostname="Yash" failures="0" tests="3" name="practice.TestNGExample" time="0.007" errors="0" timestamp="2025-05-07T12:37:56 IST" skipped="0">
  <testcase classname="practice.TestNGExample" name="createEmpData" time="0.002"/>
  <testcase classname="practice.TestNGExample" name="createEmpData" time="0.002"/>
  <testcase classname="practice.TestNGExample" name="createEmpData" time="0.003"/>
</testsuite> <!-- practice.TestNGExample -->
