<?xml version="1.0" encoding="UTF-8"?>
<!-- Generated by org.testng.reporters.JUnitReportReporter -->
<testsuite hostname="Yash" failures="0" tests="1" name="inventoryTests.AddProductToCartTest" time="3.228" errors="0" timestamp="2025-05-21T12:42:28 IST" skipped="0">
  <testcase classname="inventoryTests.AddProductToCartTest" name="tc_01_AddProductTocartTest" time="3.228"/>
</testsuite> <!-- inventoryTests.AddProductToCartTest -->
