<?xml version="1.0" encoding="UTF-8"?>
<!-- Generated by org.testng.reporters.JUnitReportReporter -->
<testsuite hostname="Yash" failures="0" tests="2" name="practice.AssertionPractice" time="0.012" errors="0" timestamp="2025-05-07T12:37:56 IST" skipped="0">
  <testcase classname="practice.AssertionPractice" name="sampleHard" time="0.007"/>
  <testcase classname="practice.AssertionPractice" name="sampleSoft" time="0.005"/>
</testsuite> <!-- practice.AssertionPractice -->
