<?xml version="1.0" encoding="UTF-8"?>
<!-- Generated by org.testng.reporters.JUnitReportReporter -->
<testsuite hostname="Yash" failures="0" tests="1" name="inventoryTests.AddProductToCartTest" time="2.641" errors="0" timestamp="2025-05-14T11:58:59 IST" skipped="0">
  <testcase classname="inventoryTests.AddProductToCartTest" name="tc_01_AddProductTocartTest" time="2.641"/>
  <system-out/>
</testsuite> <!-- inventoryTests.AddProductToCartTest -->
